0 info it worked if it ends with ok
1 verbose cli [ '/usr/local/bin/node',
1 verbose cli   '/usr/local/bin/npm',
1 verbose cli   'publish',
1 verbose cli   './',
1 verbose cli   '--tag',
1 verbose cli   'build' ]
2 info using npm@4.0.2
3 info using node@v6.9.1
4 verbose publish [ './' ]
5 silly cache add args [ './', null ]
6 verbose cache add spec ./
7 silly cache add parsed spec Result {
7 silly cache add   raw: './',
7 silly cache add   scope: null,
7 silly cache add   escapedName: null,
7 silly cache add   name: null,
7 silly cache add   rawSpec: './',
7 silly cache add   spec: '/Users/rawnly/Documents/Github/weather',
7 silly cache add   type: 'directory' }
8 verbose addLocalDirectory /Users/rawnly/.npm/simple-weather/1.0.0/package.tgz not in flight; packing
9 verbose correctMkdir /Users/rawnly/.npm correctMkdir not in flight; initializing
10 info lifecycle simple-weather@1.0.0~prepublish: simple-weather@1.0.0
11 silly lifecycle simple-weather@1.0.0~prepublish: no script for prepublish, continuing
12 info lifecycle simple-weather@1.0.0~prepare: simple-weather@1.0.0
13 silly lifecycle simple-weather@1.0.0~prepare: no script for prepare, continuing
14 verbose tar pack [ '/Users/rawnly/.npm/simple-weather/1.0.0/package.tgz',
14 verbose tar pack   '/Users/rawnly/Documents/Github/weather' ]
15 verbose tarball /Users/rawnly/.npm/simple-weather/1.0.0/package.tgz
16 verbose folder /Users/rawnly/Documents/Github/weather
17 verbose addLocalTarball adding from inside cache /Users/rawnly/.npm/simple-weather/1.0.0/package.tgz
18 verbose correctMkdir /Users/rawnly/.npm correctMkdir not in flight; initializing
19 silly cache afterAdd simple-weather@1.0.0
20 verbose afterAdd /Users/rawnly/.npm/simple-weather/1.0.0/package/package.json not in flight; writing
21 verbose correctMkdir /Users/rawnly/.npm correctMkdir not in flight; initializing
22 verbose afterAdd /Users/rawnly/.npm/simple-weather/1.0.0/package/package.json written
23 silly publish { name: 'simple-weather',
23 silly publish   version: '1.0.0',
23 silly publish   description: 'An npm commandline to get the forecast.',
23 silly publish   main: 'index.js',
23 silly publish   dependencies:
23 silly publish    { chalk: '^1.1.3',
23 silly publish      clear: '^0.0.1',
23 silly publish      commander: '^2.9.0',
23 silly publish      fs: '^0.0.1-security',
23 silly publish      request: '^2.79.0' },
23 silly publish   devDependencies: {},
23 silly publish   scripts: { test: 'echo "Error: no test specified" && exit 1' },
23 silly publish   bin: { weather: './index.js' },
23 silly publish   author: { name: 'Rawnly' },
23 silly publish   license: 'MIT',
23 silly publish   repository:
23 silly publish    { type: 'git',
23 silly publish      url: 'git+https://github.com/Rawnly/simple-weather.git' },
23 silly publish   bugs: { url: 'https://github.com/Rawnly/simple-weather/issues' },
23 silly publish   homepage: 'https://github.com/Rawnly/simple-weather#readme',
23 silly publish   readme: '# Simple Weather\nAn npm commandline to get the forecast.\n\n# How to :\n\n## Install\nTo install **simple-weather** simply write the following in your prompt:\n\n```bash\n  npm install -g simple-weather && weather\n```\n\n## Usage\n![term][commandline]\n\n[commandline]: img/terminal.gif\n',
23 silly publish   readmeFilename: 'README.md',
23 silly publish   gitHead: '0642f0011ff547b7da5f22aa72efa62451a576aa',
23 silly publish   _id: 'simple-weather@1.0.0',
23 silly publish   _shasum: '4d80e93987c13fe899fe108bf13671bb0429ff36',
23 silly publish   _from: '.' }
24 info lifecycle simple-weather@1.0.0~prepublishOnly: simple-weather@1.0.0
25 silly lifecycle simple-weather@1.0.0~prepublishOnly: no script for prepublishOnly, continuing
26 verbose getPublishConfig undefined
27 silly mapToRegistry name simple-weather
28 silly mapToRegistry using default registry
29 silly mapToRegistry registry https://registry.npmjs.org/
30 silly mapToRegistry data Result {
30 silly mapToRegistry   raw: 'simple-weather',
30 silly mapToRegistry   scope: null,
30 silly mapToRegistry   escapedName: 'simple-weather',
30 silly mapToRegistry   name: 'simple-weather',
30 silly mapToRegistry   rawSpec: '',
30 silly mapToRegistry   spec: 'latest',
30 silly mapToRegistry   type: 'tag' }
31 silly mapToRegistry uri https://registry.npmjs.org/simple-weather
32 verbose publish registryBase https://registry.npmjs.org/
33 silly publish uploading /Users/rawnly/.npm/simple-weather/1.0.0/package.tgz
34 verbose request uri https://registry.npmjs.org/simple-weather
35 verbose request sending authorization for write operation
36 info attempt registry request try #1 at 11:06:05
37 verbose request using bearer token for auth
38 verbose request id 8c4d8a95695399b2
39 http request PUT https://registry.npmjs.org/simple-weather
40 http 403 https://registry.npmjs.org/simple-weather
41 verbose headers { 'content-type': 'application/json',
41 verbose headers   'cache-control': 'max-age=300',
41 verbose headers   'content-length': '108',
41 verbose headers   'accept-ranges': 'bytes',
41 verbose headers   date: 'Mon, 05 Dec 2016 10:06:06 GMT',
41 verbose headers   via: '1.1 varnish',
41 verbose headers   connection: 'keep-alive',
41 verbose headers   'x-served-by': 'cache-lcy1121-LCY',
41 verbose headers   'x-cache': 'MISS',
41 verbose headers   'x-cache-hits': '0',
41 verbose headers   'x-timer': 'S1480932366.152869,VS0,VE615',
41 verbose headers   vary: 'Accept-Encoding' }
42 verbose request invalidating /Users/rawnly/.npm/registry.npmjs.org/simple-weather on PUT
43 error publish Failed PUT 403
44 verbose stack Error: you do not have permission to publish "simple-weather". Are you logged in as the correct user? : simple-weather
44 verbose stack     at makeError (/usr/local/lib/node_modules/npm/node_modules/npm-registry-client/lib/request.js:302:12)
44 verbose stack     at CachingRegistryClient.<anonymous> (/usr/local/lib/node_modules/npm/node_modules/npm-registry-client/lib/request.js:290:14)
44 verbose stack     at Request._callback (/usr/local/lib/node_modules/npm/node_modules/npm-registry-client/lib/request.js:210:14)
44 verbose stack     at Request.self.callback (/usr/local/lib/node_modules/npm/node_modules/request/request.js:186:22)
44 verbose stack     at emitTwo (events.js:106:13)
44 verbose stack     at Request.emit (events.js:191:7)
44 verbose stack     at Request.<anonymous> (/usr/local/lib/node_modules/npm/node_modules/request/request.js:1081:10)
44 verbose stack     at emitOne (events.js:96:13)
44 verbose stack     at Request.emit (events.js:188:7)
44 verbose stack     at IncomingMessage.<anonymous> (/usr/local/lib/node_modules/npm/node_modules/request/request.js:1001:12)
45 verbose statusCode 403
46 verbose pkgid simple-weather
47 verbose cwd /Users/rawnly/Documents/Github/weather
48 error Darwin 16.1.0
49 error argv "/usr/local/bin/node" "/usr/local/bin/npm" "publish" "./" "--tag" "build"
50 error node v6.9.1
51 error npm  v4.0.2
52 error code E403
53 error you do not have permission to publish "simple-weather". Are you logged in as the correct user? : simple-weather
54 error If you need help, you may report this error at:
54 error     <https://github.com/npm/npm/issues>
55 verbose exit [ 1, true ]
